f:\c++\qt项目\qtguiapplication3\qtguiapplication3\debug\main.obj
f:\c++\qt项目\qtguiapplication3\qtguiapplication3\debug\qrc_qtguiapplication3.obj
f:\c++\qt项目\qtguiapplication3\qtguiapplication3\debug\qtguiapplication3.obj
f:\c++\qt项目\qtguiapplication3\qtguiapplication3\debug\moc_qtguiapplication3.obj
f:\c++\qt项目\qtguiapplication3\qtguiapplication3\debug\moc_mainwin.obj
f:\c++\qt项目\qtguiapplication3\qtguiapplication3\debug\vc120.pdb
f:\c++\qt项目\qtguiapplication3\qtguiapplication3\debug\mainwin.obj
f:\c++\c++qt\qtguiapplication3\qtguiapplication3\debug\qrc_qtguiapplication3.obj
f:\c++\c++qt\qtguiapplication3\qtguiapplication3\debug\main.obj
f:\c++\c++qt\qtguiapplication3\qtguiapplication3\debug\moc_mainwin.obj
f:\c++\c++qt\qtguiapplication3\qtguiapplication3\debug\mainwin.obj
f:\c++\c++qt\qtguiapplication3\qtguiapplication3\debug\vc120.pdb
f:\c++\c++qt\cvideo\cvideo\debug\mainwin.obj
f:\c++\c++qt\cvideo\cvideo\debug\qrc_qtguiapplication3.obj
f:\c++\c++qt\cvideo\cvideo\debug\main.obj
f:\c++\c++qt\cvideo\cvideo\debug\moc_mainwin.obj
f:\c++\c++qt\cvideo\cvideo\debug\vc120.pdb
f:\c++\c++qt\cvideo\cvideo\debug\moc_tcpclient.obj
f:\c++\c++qt\cvideo\cvideo\debug\tcpclient.obj
f:\c++\c++qt\cvideo2\cvideo\debug\tcpclient.obj
f:\c++\c++qt\cvideo2\cvideo\debug\main.obj
f:\c++\c++qt\cvideo2\cvideo\debug\qrc_qtguiapplication3.obj
f:\c++\c++qt\cvideo2\cvideo\debug\moc_tcpclient.obj
f:\c++\c++qt\cvideo2\cvideo\debug\vc120.pdb
f:\c++\c++qt\tcpclient\tcpclient\debug\qrc_qtguiapplication3.obj
f:\c++\c++qt\tcpclient\tcpclient\debug\moc_tcpclient.obj
f:\c++\c++qt\tcpclient\tcpclient\debug\tcpclient.obj
f:\c++\c++qt\tcpclient\tcpclient\debug\main.obj
f:\c++\c++qt\tcpclient\tcpclient\debug\vc120.pdb
f:\基于qt的服务器客户端小程序\tcpclient\tcpclient\debug\qrc_qtguiapplication3.obj
f:\qt-projects\tcpclient\tcpclient\debug\qrc_qtguiapplication3.obj
f:\c++\qt项目\qtguiapplication3\win32\debug\qtguiapplication3.ilk
f:\c++\qt项目\qtguiapplication3\win32\debug\qtguiapplication3.exe
f:\c++\qt项目\qtguiapplication3\win32\debug\qtguiapplication3.pdb
f:\c++\c++qt\qtguiapplication3\win32\debug\qtguiapplication3.ilk
f:\c++\c++qt\qtguiapplication3\win32\debug\qtguiapplication3.exe
f:\c++\c++qt\qtguiapplication3\win32\debug\qtguiapplication3.pdb
f:\c++\c++qt\cvideo\cvideo\win32\debug\qtguiapplication3.ilk
f:\c++\c++qt\cvideo\cvideo\win32\debug\qtguiapplication3.exe
f:\c++\c++qt\cvideo\cvideo\win32\debug\qtguiapplication3.pdb
f:\c++\c++qt\cvideo2\cvideo\win32\debug\qtguiapplication3.ilk
f:\c++\c++qt\cvideo2\cvideo\win32\debug\qtguiapplication3.exe
f:\c++\c++qt\cvideo2\cvideo\win32\debug\qtguiapplication3.pdb
f:\c++\c++qt\tcpclient\tcpclient\win32\debug\qtguiapplication3.ilk
f:\c++\c++qt\tcpclient\tcpclient\win32\debug\qtguiapplication3.exe
f:\c++\c++qt\tcpclient\tcpclient\win32\debug\qtguiapplication3.pdb
f:\c++\qt项目\qtguiapplication3\qtguiapplication3\generatedfiles\debug\moc_qtguiapplication3.cpp
f:\c++\qt项目\qtguiapplication3\qtguiapplication3\generatedfiles\debug\moc_mainwin.cpp
f:\c++\qt项目\qtguiapplication3\qtguiapplication3\generatedfiles\qrc_qtguiapplication3.cpp
f:\c++\qt项目\qtguiapplication3\qtguiapplication3\generatedfiles\ui_qtguiapplication3.h
f:\c++\c++qt\qtguiapplication3\qtguiapplication3\generatedfiles\debug\moc_mainwin.cpp
f:\c++\c++qt\qtguiapplication3\qtguiapplication3\generatedfiles\qrc_qtguiapplication3.cpp
f:\c++\c++qt\cvideo\cvideo\generatedfiles\debug\moc_mainwin.cpp
f:\c++\c++qt\cvideo\cvideo\generatedfiles\qrc_qtguiapplication3.cpp
f:\c++\c++qt\cvideo\cvideo\generatedfiles\debug\moc_tcpclient.cpp
f:\c++\c++qt\cvideo2\cvideo\generatedfiles\debug\moc_tcpclient.cpp
f:\c++\c++qt\cvideo2\cvideo\generatedfiles\qrc_qtguiapplication3.cpp
f:\qt-projects\tcpclient\tcpclient\.\generatedfiles\debug\moc_tcpclient.cpp
f:\qt-projects\tcpclient\tcpclient\.\generatedfiles\qrc_qtguiapplication3.cpp
f:\c++\qt项目\qtguiapplication3\qtguiapplication3\debug\qtguiapplication3.res
f:\c++\c++qt\qtguiapplication3\qtguiapplication3\debug\qtguiapplication3.res
f:\c++\c++qt\cvideo\cvideo\debug\qtguiapplication3.res
f:\c++\c++qt\cvideo2\cvideo\debug\qtguiapplication3.res
f:\c++\c++qt\tcpclient\tcpclient\debug\qtguiapplication3.res
f:\qt-projects\tcpclient\tcpclient\debug\moc_qtguiapplication3.obj
f:\qt-projects\tcpclient\tcpclient\debug\qtguiapplication3.obj
f:\qt-projects\tcpclient\tcpclient\debug\qtguiapplication3.res
f:\qt-projects\tcpclient\tcpclient\debug\vc120.pdb
f:\qt-projects\tcpclient\tcpclient\win32\debug\qtguiapplication3.pdb
f:\qt-projects\tcpclient\tcpclient\win32\debug\qtguiapplication3.exe
f:\qt-projects\tcpclient\tcpclient\win32\debug\qtguiapplication3.ilk
f:\qt-projects\tcpclient\tcpclient\debug\qtguiapp.b12702ad.tlog\cl.command.1.tlog
f:\qt-projects\tcpclient\tcpclient\debug\qtguiapp.b12702ad.tlog\cl.read.1.tlog
f:\qt-projects\tcpclient\tcpclient\debug\qtguiapp.b12702ad.tlog\cl.write.1.tlog
f:\qt-projects\tcpclient\tcpclient\debug\qtguiapp.b12702ad.tlog\link.command.1.tlog
f:\qt-projects\tcpclient\tcpclient\debug\qtguiapp.b12702ad.tlog\link.read.1.tlog
f:\qt-projects\tcpclient\tcpclient\debug\qtguiapp.b12702ad.tlog\link.write.1.tlog
f:\qt-projects\tcpclient\tcpclient\debug\qtguiapp.b12702ad.tlog\qtguiapplication3.write.1u.tlog
f:\qt-projects\tcpclient\tcpclient\debug\qtguiapp.b12702ad.tlog\qtmoc.read.1u.tlog
f:\qt-projects\tcpclient\tcpclient\debug\qtguiapp.b12702ad.tlog\qtmoc.write.1u.tlog
f:\qt-projects\tcpclient\tcpclient\debug\qtguiapp.b12702ad.tlog\qtrcc.read.1u.tlog
f:\qt-projects\tcpclient\tcpclient\debug\qtguiapp.b12702ad.tlog\qtrcc.write.1u.tlog
f:\qt-projects\tcpclient\tcpclient\debug\qtguiapp.b12702ad.tlog\rc.command.1.tlog
f:\qt-projects\tcpclient\tcpclient\debug\qtguiapp.b12702ad.tlog\rc.read.1.tlog
f:\qt-projects\tcpclient\tcpclient\debug\qtguiapp.b12702ad.tlog\rc.write.1.tlog
